<?xml version="1.0" encoding="UTF-8"?>
<testsuite name="TestStreamBenchmark" tests="3" skipped="0" failures="0" errors="0" timestamp="2024-07-29T23:49:39" hostname="DESKTOP-6I288VM" time="1.834">
  <properties/>
  <testcase name="testCargarLista()" classname="TestStreamBenchmark" time="0.004"/>
  <testcase name="testListaParalela()" classname="TestStreamBenchmark" time="0.282"/>
  <testcase name="testListaSecuencial()" classname="TestStreamBenchmark" time="0.323"/>
  <system-out><![CDATA[]]></system-out>
  <system-err><![CDATA[]]></system-err>
</testsuite>
