<?xml version="1.0" encoding="UTF-8"?>
<testsuite name="TestCalculadorCombustible" tests="2" skipped="0" failures="0" errors="0" timestamp="2024-07-29T13:30:44" hostname="DESKTOP-6I288VM" time="0.017">
  <properties/>
  <testcase name="testCalcularCombustible()" classname="TestCalculadorCombustible" time="0.002"/>
  <testcase name="testInstanciayaCreada()" classname="TestCalculadorCombustible" time="0.013"/>
  <system-out><![CDATA[]]></system-out>
  <system-err><![CDATA[]]></system-err>
</testsuite>
