<?xml version="1.0" encoding="UTF-8"?>
<testsuite name="TestStreamBenchmark" tests="3" skipped="0" failures="0" errors="0" timestamp="2024-07-29T13:30:45" hostname="DESKTOP-6I288VM" time="3.112">
  <properties/>
  <testcase name="testCargarLista()" classname="TestStreamBenchmark" time="0.008"/>
  <testcase name="testListaParalela()" classname="TestStreamBenchmark" time="0.471"/>
  <testcase name="testListaSecuencial()" classname="TestStreamBenchmark" time="0.345"/>
  <system-out><![CDATA[]]></system-out>
  <system-err><![CDATA[]]></system-err>
</testsuite>
