<?xml version="1.0" encoding="UTF-8"?>
<testsuite name="TestAvionComercial" tests="3" skipped="0" failures="0" errors="0" timestamp="2024-07-29T23:49:38" hostname="DESKTOP-6I288VM" time="0.052">
  <properties/>
  <testcase name="testVolarComercial()" classname="TestAvionComercial" time="0.039"/>
  <testcase name="testConsumoCombustible()" classname="TestAvionComercial" time="0.002"/>
  <testcase name="testCapacidadCombustible()" classname="TestAvionComercial" time="0.002"/>
  <system-out><![CDATA[]]></system-out>
  <system-err><![CDATA[]]></system-err>
</testsuite>
