<?xml version="1.0" encoding="UTF-8"?>
<testsuite name="TestCalculadorCombustible" tests="2" skipped="0" failures="0" errors="0" timestamp="2024-07-29T23:49:38" hostname="DESKTOP-6I288VM" time="0.012">
  <properties/>
  <testcase name="testCalcularCombustible()" classname="TestCalculadorCombustible" time="0.003"/>
  <testcase name="testInstanciayaCreada()" classname="TestCalculadorCombustible" time="0.007"/>
  <system-out><![CDATA[]]></system-out>
  <system-err><![CDATA[]]></system-err>
</testsuite>
